<?xml version="1.0" encoding="UTF-8"?>
<testng-results skipped="0" failed="0" ignored="0" total="1" passed="1">
  <reporter-output>
  </reporter-output>
  <suite name="Default suite" duration-ms="7636" started-at="2019-05-12T06:02:08Z" finished-at="2019-05-12T06:02:16Z">
    <groups>
    </groups>
    <test name="Default test" duration-ms="7636" started-at="2019-05-12T06:02:08Z" finished-at="2019-05-12T06:02:16Z">
      <class name="selenium.HashMapConcept">
        <test-method status="PASS" signature="setUp()[pri:0, instance:selenium.HashMapConcept@28d25987]" name="setUp" is-config="true" duration-ms="2675" started-at="2019-05-12T06:02:08Z" finished-at="2019-05-12T06:02:11Z">
          <reporter-output>
          </reporter-output>
        </test-method> <!-- setUp -->
        <test-method status="PASS" signature="loginWithAdminTest()[pri:0, instance:selenium.HashMapConcept@28d25987]" name="loginWithAdminTest" duration-ms="4947" started-at="2019-05-12T06:02:11Z" finished-at="2019-05-12T06:02:16Z">
          <reporter-output>
          </reporter-output>
        </test-method> <!-- loginWithAdminTest -->
      </class> <!-- selenium.HashMapConcept -->
    </test> <!-- Default test -->
  </suite> <!-- Default suite -->
</testng-results>
